<?xml version="1.0" encoding="UTF-8"?>
<!-- Generated by org.testng.reporters.JUnitReportReporter -->
<testsuite skipped="0" hostname="LAPTOP-S9G1G7KF" name="qaclickacademy.RestAPITest" tests="2" failures="0" timestamp="13 Jul 2019 11:27:19 GMT" time="0.002" errors="0">
  <testcase name="PostJira" time="0.002" classname="qaclickacademy.RestAPITest"/>
  <testcase name="DeleteTwitter" time="0.000" classname="qaclickacademy.RestAPITest"/>
</testsuite> <!-- qaclickacademy.RestAPITest -->
